[2016-11-17 20:56:07] request.ERROR: Uncaught PHP Exception Symfony\Component\HttpKernel\Exception\NotFoundHttpException: "No route found for "GET /ad"" at C:\xampp_1\htdocs\star_craft_online\var\cache\prod\classes.php line 2797 {"exception":"[object] (Symfony\\Component\\HttpKernel\\Exception\\NotFoundHttpException(code: 0): No route found for \"GET /ad\" at C:\\xampp_1\\htdocs\\star_craft_online\\var\\cache\\prod\\classes.php:2797, Symfony\\Component\\Routing\\Exception\\ResourceNotFoundException(code: 0):  at C:\\xampp_1\\htdocs\\star_craft_online\\var\\cache\\prod\\appProdProjectContainerUrlMatcher.php:39)"} []
[2016-11-17 20:56:16] request.INFO: Matched route "{route}". {"route":"homepage","route_parameters":{"_controller":"AppBundle\\Controller\\DefaultController::indexAction","_route":"homepage"},"request_uri":"http://localhost:8080/star_craft_online/web/","method":"GET"} []
[2016-11-17 20:56:16] security.INFO: Populated the TokenStorage with an anonymous Token. [] []
[2016-11-17 20:56:16] request.CRITICAL: Uncaught PHP Exception InvalidArgumentException: "Class "AppBundle\Controller\DefaultController" does not exist." at C:\xampp_1\htdocs\star_craft_online\var\cache\prod\classes.php line 2923 {"exception":"[object] (InvalidArgumentException(code: 0): Class \"AppBundle\\Controller\\DefaultController\" does not exist. at C:\\xampp_1\\htdocs\\star_craft_online\\var\\cache\\prod\\classes.php:2923)"} []
[2016-11-17 21:03:17] request.ERROR: Uncaught PHP Exception Symfony\Component\HttpKernel\Exception\NotFoundHttpException: "No route found for "GET /"" at C:\xampp_1\htdocs\star_craft_online\vendor\symfony\symfony\src\Symfony\Component\HttpKernel\EventListener\RouterListener.php line 125 {"exception":"[object] (Symfony\\Component\\HttpKernel\\Exception\\NotFoundHttpException(code: 0): No route found for \"GET /\" at C:\\xampp_1\\htdocs\\star_craft_online\\vendor\\symfony\\symfony\\src\\Symfony\\Component\\HttpKernel\\EventListener\\RouterListener.php:125, Symfony\\Component\\Routing\\Exception\\ResourceNotFoundException(code: 0):  at C:\\xampp_1\\htdocs\\star_craft_online\\var\\cache\\prod\\appProdDebugProjectContainerUrlMatcher.php:40)"} []
[2016-11-17 21:03:17] event.DEBUG: Notified event "{event}" to listener "{listener}". {"event":"kernel.request","listener":"Symfony\\Component\\EventDispatcher\\Debug\\WrappedListener::__invoke"} []
[2016-11-17 21:03:17] event.DEBUG: Notified event "{event}" to listener "{listener}". {"event":"kernel.request","listener":"Symfony\\Component\\EventDispatcher\\Debug\\WrappedListener::__invoke"} []
[2016-11-17 21:03:17] event.DEBUG: Notified event "{event}" to listener "{listener}". {"event":"kernel.request","listener":"Symfony\\Component\\EventDispatcher\\Debug\\WrappedListener::__invoke"} []
[2016-11-17 21:03:17] event.DEBUG: Notified event "{event}" to listener "{listener}". {"event":"kernel.request","listener":"Symfony\\Component\\EventDispatcher\\Debug\\WrappedListener::__invoke"} []
[2016-11-17 21:03:17] event.DEBUG: Notified event "{event}" to listener "{listener}". {"event":"kernel.request","listener":"Symfony\\Component\\EventDispatcher\\Debug\\WrappedListener::__invoke"} []
[2016-11-17 21:03:17] event.DEBUG: Notified event "{event}" to listener "{listener}". {"event":"kernel.request","listener":"Symfony\\Component\\EventDispatcher\\Debug\\WrappedListener::__invoke"} []
[2016-11-17 21:03:17] event.DEBUG: Notified event "{event}" to listener "{listener}". {"event":"kernel.request","listener":"Symfony\\Component\\EventDispatcher\\Debug\\WrappedListener::__invoke"} []
[2016-11-17 21:03:17] event.DEBUG: Notified event "{event}" to listener "{listener}". {"event":"kernel.request","listener":"Symfony\\Component\\EventDispatcher\\Debug\\WrappedListener::__invoke"} []
[2016-11-17 21:03:17] event.DEBUG: Notified event "{event}" to listener "{listener}". {"event":"kernel.controller","listener":"Sensio\\Bundle\\FrameworkExtraBundle\\EventListener\\ControllerListener::onKernelController"} []
[2016-11-17 21:03:17] event.DEBUG: Notified event "{event}" to listener "{listener}". {"event":"kernel.controller","listener":"Sensio\\Bundle\\FrameworkExtraBundle\\EventListener\\ParamConverterListener::onKernelController"} []
[2016-11-17 21:03:17] event.DEBUG: Notified event "{event}" to listener "{listener}". {"event":"kernel.controller","listener":"Sensio\\Bundle\\FrameworkExtraBundle\\EventListener\\HttpCacheListener::onKernelController"} []
[2016-11-17 21:03:17] event.DEBUG: Notified event "{event}" to listener "{listener}". {"event":"kernel.controller","listener":"Sensio\\Bundle\\FrameworkExtraBundle\\EventListener\\SecurityListener::onKernelController"} []
[2016-11-17 21:03:17] event.DEBUG: Notified event "{event}" to listener "{listener}". {"event":"kernel.controller","listener":"Sensio\\Bundle\\FrameworkExtraBundle\\EventListener\\TemplateListener::onKernelController"} []
[2016-11-17 21:03:17] event.DEBUG: Notified event "{event}" to listener "{listener}". {"event":"kernel.response","listener":"Symfony\\Component\\HttpKernel\\EventListener\\ResponseListener::onKernelResponse"} []
[2016-11-17 21:03:17] event.DEBUG: Notified event "{event}" to listener "{listener}". {"event":"kernel.response","listener":"Symfony\\Component\\Security\\Http\\RememberMe\\ResponseListener::onKernelResponse"} []
[2016-11-17 21:03:17] event.DEBUG: Notified event "{event}" to listener "{listener}". {"event":"kernel.response","listener":"Sensio\\Bundle\\FrameworkExtraBundle\\EventListener\\HttpCacheListener::onKernelResponse"} []
[2016-11-17 21:03:17] event.DEBUG: Notified event "{event}" to listener "{listener}". {"event":"kernel.response","listener":"Symfony\\Component\\HttpKernel\\EventListener\\SaveSessionListener::onKernelResponse"} []
[2016-11-17 21:03:17] event.DEBUG: Notified event "{event}" to listener "{listener}". {"event":"kernel.response","listener":"Symfony\\Component\\HttpKernel\\EventListener\\StreamedResponseListener::onKernelResponse"} []
[2016-11-17 21:03:17] event.DEBUG: Notified event "{event}" to listener "{listener}". {"event":"kernel.finish_request","listener":"Symfony\\Component\\HttpKernel\\EventListener\\LocaleListener::onKernelFinishRequest"} []
[2016-11-17 21:03:17] event.DEBUG: Notified event "{event}" to listener "{listener}". {"event":"kernel.finish_request","listener":"Symfony\\Component\\HttpKernel\\EventListener\\TranslatorListener::onKernelFinishRequest"} []
[2016-11-17 21:03:17] event.DEBUG: Notified event "{event}" to listener "{listener}". {"event":"kernel.finish_request","listener":"Symfony\\Component\\HttpKernel\\EventListener\\RouterListener::onKernelFinishRequest"} []
[2016-11-17 21:03:17] event.DEBUG: Notified event "{event}" to listener "{listener}". {"event":"kernel.finish_request","listener":"Symfony\\Component\\Security\\Http\\Firewall::onKernelFinishRequest"} []
[2016-11-17 21:03:17] event.DEBUG: Notified event "{event}" to listener "{listener}". {"event":"kernel.exception","listener":"Symfony\\Component\\HttpKernel\\EventListener\\ExceptionListener::onKernelException"} []
[2016-11-17 21:03:17] event.DEBUG: Listener "{listener}" stopped propagation of the event "{event}". {"listener":"Symfony\\Component\\HttpKernel\\EventListener\\ExceptionListener::onKernelException","event":"kernel.exception"} []
[2016-11-17 21:03:17] event.DEBUG: Notified event "{event}" to listener "{listener}". {"event":"kernel.response","listener":"Symfony\\Component\\HttpKernel\\EventListener\\ResponseListener::onKernelResponse"} []
[2016-11-17 21:03:17] event.DEBUG: Notified event "{event}" to listener "{listener}". {"event":"kernel.response","listener":"Symfony\\Component\\Security\\Http\\RememberMe\\ResponseListener::onKernelResponse"} []
[2016-11-17 21:03:17] event.DEBUG: Notified event "{event}" to listener "{listener}". {"event":"kernel.response","listener":"Sensio\\Bundle\\FrameworkExtraBundle\\EventListener\\HttpCacheListener::onKernelResponse"} []
[2016-11-17 21:03:17] event.DEBUG: Notified event "{event}" to listener "{listener}". {"event":"kernel.response","listener":"Symfony\\Component\\HttpKernel\\EventListener\\SaveSessionListener::onKernelResponse"} []
[2016-11-17 21:03:17] event.DEBUG: Notified event "{event}" to listener "{listener}". {"event":"kernel.response","listener":"Symfony\\Component\\HttpKernel\\EventListener\\StreamedResponseListener::onKernelResponse"} []
[2016-11-17 21:03:17] event.DEBUG: Notified event "{event}" to listener "{listener}". {"event":"kernel.finish_request","listener":"Symfony\\Component\\HttpKernel\\EventListener\\LocaleListener::onKernelFinishRequest"} []
[2016-11-17 21:03:17] event.DEBUG: Notified event "{event}" to listener "{listener}". {"event":"kernel.finish_request","listener":"Symfony\\Component\\HttpKernel\\EventListener\\TranslatorListener::onKernelFinishRequest"} []
[2016-11-17 21:03:17] event.DEBUG: Notified event "{event}" to listener "{listener}". {"event":"kernel.finish_request","listener":"Symfony\\Component\\HttpKernel\\EventListener\\RouterListener::onKernelFinishRequest"} []
[2016-11-17 21:03:17] event.DEBUG: Notified event "{event}" to listener "{listener}". {"event":"kernel.finish_request","listener":"Symfony\\Component\\Security\\Http\\Firewall::onKernelFinishRequest"} []
[2016-11-17 21:03:17] event.DEBUG: Notified event "{event}" to listener "{listener}". {"event":"kernel.terminate","listener":"Symfony\\Bundle\\SwiftmailerBundle\\EventListener\\EmailSenderListener::onTerminate"} []
[2016-11-17 21:03:25] request.ERROR: Uncaught PHP Exception Symfony\Component\HttpKernel\Exception\NotFoundHttpException: "No route found for "GET /a"" at C:\xampp_1\htdocs\star_craft_online\var\cache\prod\classes.php line 2797 {"exception":"[object] (Symfony\\Component\\HttpKernel\\Exception\\NotFoundHttpException(code: 0): No route found for \"GET /a\" at C:\\xampp_1\\htdocs\\star_craft_online\\var\\cache\\prod\\classes.php:2797, Symfony\\Component\\Routing\\Exception\\ResourceNotFoundException(code: 0):  at C:\\xampp_1\\htdocs\\star_craft_online\\var\\cache\\prod\\appProdDebugProjectContainerUrlMatcher.php:40)"} []
[2016-11-17 21:03:25] event.DEBUG: Notified event "{event}" to listener "{listener}". {"event":"kernel.request","listener":"Symfony\\Component\\EventDispatcher\\Debug\\WrappedListener::__invoke"} []
[2016-11-17 21:03:25] event.DEBUG: Notified event "{event}" to listener "{listener}". {"event":"kernel.request","listener":"Symfony\\Component\\EventDispatcher\\Debug\\WrappedListener::__invoke"} []
[2016-11-17 21:03:25] event.DEBUG: Notified event "{event}" to listener "{listener}". {"event":"kernel.request","listener":"Symfony\\Component\\EventDispatcher\\Debug\\WrappedListener::__invoke"} []
[2016-11-17 21:03:25] event.DEBUG: Notified event "{event}" to listener "{listener}". {"event":"kernel.request","listener":"Symfony\\Component\\EventDispatcher\\Debug\\WrappedListener::__invoke"} []
[2016-11-17 21:03:25] event.DEBUG: Notified event "{event}" to listener "{listener}". {"event":"kernel.request","listener":"Symfony\\Component\\EventDispatcher\\Debug\\WrappedListener::__invoke"} []
[2016-11-17 21:03:25] event.DEBUG: Notified event "{event}" to listener "{listener}". {"event":"kernel.request","listener":"Symfony\\Component\\EventDispatcher\\Debug\\WrappedListener::__invoke"} []
[2016-11-17 21:03:25] event.DEBUG: Notified event "{event}" to listener "{listener}". {"event":"kernel.request","listener":"Symfony\\Component\\EventDispatcher\\Debug\\WrappedListener::__invoke"} []
[2016-11-17 21:03:25] event.DEBUG: Notified event "{event}" to listener "{listener}". {"event":"kernel.request","listener":"Symfony\\Component\\EventDispatcher\\Debug\\WrappedListener::__invoke"} []
[2016-11-17 21:03:25] event.DEBUG: Notified event "{event}" to listener "{listener}". {"event":"kernel.controller","listener":"Sensio\\Bundle\\FrameworkExtraBundle\\EventListener\\ControllerListener::onKernelController"} []
[2016-11-17 21:03:25] event.DEBUG: Notified event "{event}" to listener "{listener}". {"event":"kernel.controller","listener":"Sensio\\Bundle\\FrameworkExtraBundle\\EventListener\\ParamConverterListener::onKernelController"} []
[2016-11-17 21:03:25] event.DEBUG: Notified event "{event}" to listener "{listener}". {"event":"kernel.controller","listener":"Sensio\\Bundle\\FrameworkExtraBundle\\EventListener\\HttpCacheListener::onKernelController"} []
[2016-11-17 21:03:25] event.DEBUG: Notified event "{event}" to listener "{listener}". {"event":"kernel.controller","listener":"Sensio\\Bundle\\FrameworkExtraBundle\\EventListener\\SecurityListener::onKernelController"} []
[2016-11-17 21:03:25] event.DEBUG: Notified event "{event}" to listener "{listener}". {"event":"kernel.controller","listener":"Sensio\\Bundle\\FrameworkExtraBundle\\EventListener\\TemplateListener::onKernelController"} []
[2016-11-17 21:03:26] event.DEBUG: Notified event "{event}" to listener "{listener}". {"event":"kernel.response","listener":"Symfony\\Component\\HttpKernel\\EventListener\\ResponseListener::onKernelResponse"} []
[2016-11-17 21:03:26] event.DEBUG: Notified event "{event}" to listener "{listener}". {"event":"kernel.response","listener":"Symfony\\Component\\Security\\Http\\RememberMe\\ResponseListener::onKernelResponse"} []
[2016-11-17 21:03:26] event.DEBUG: Notified event "{event}" to listener "{listener}". {"event":"kernel.response","listener":"Sensio\\Bundle\\FrameworkExtraBundle\\EventListener\\HttpCacheListener::onKernelResponse"} []
[2016-11-17 21:03:26] event.DEBUG: Notified event "{event}" to listener "{listener}". {"event":"kernel.response","listener":"Symfony\\Component\\HttpKernel\\EventListener\\SaveSessionListener::onKernelResponse"} []
[2016-11-17 21:03:26] event.DEBUG: Notified event "{event}" to listener "{listener}". {"event":"kernel.response","listener":"Symfony\\Component\\HttpKernel\\EventListener\\StreamedResponseListener::onKernelResponse"} []
[2016-11-17 21:03:26] event.DEBUG: Notified event "{event}" to listener "{listener}". {"event":"kernel.finish_request","listener":"Symfony\\Component\\HttpKernel\\EventListener\\LocaleListener::onKernelFinishRequest"} []
[2016-11-17 21:03:26] event.DEBUG: Notified event "{event}" to listener "{listener}". {"event":"kernel.finish_request","listener":"Symfony\\Component\\HttpKernel\\EventListener\\TranslatorListener::onKernelFinishRequest"} []
[2016-11-17 21:03:26] event.DEBUG: Notified event "{event}" to listener "{listener}". {"event":"kernel.finish_request","listener":"Symfony\\Component\\HttpKernel\\EventListener\\RouterListener::onKernelFinishRequest"} []
[2016-11-17 21:03:26] event.DEBUG: Notified event "{event}" to listener "{listener}". {"event":"kernel.finish_request","listener":"Symfony\\Component\\Security\\Http\\Firewall::onKernelFinishRequest"} []
[2016-11-17 21:03:26] event.DEBUG: Notified event "{event}" to listener "{listener}". {"event":"kernel.exception","listener":"Symfony\\Component\\HttpKernel\\EventListener\\ExceptionListener::onKernelException"} []
[2016-11-17 21:03:26] event.DEBUG: Listener "{listener}" stopped propagation of the event "{event}". {"listener":"Symfony\\Component\\HttpKernel\\EventListener\\ExceptionListener::onKernelException","event":"kernel.exception"} []
[2016-11-17 21:03:26] event.DEBUG: Notified event "{event}" to listener "{listener}". {"event":"kernel.response","listener":"Symfony\\Component\\HttpKernel\\EventListener\\ResponseListener::onKernelResponse"} []
[2016-11-17 21:03:26] event.DEBUG: Notified event "{event}" to listener "{listener}". {"event":"kernel.response","listener":"Symfony\\Component\\Security\\Http\\RememberMe\\ResponseListener::onKernelResponse"} []
[2016-11-17 21:03:26] event.DEBUG: Notified event "{event}" to listener "{listener}". {"event":"kernel.response","listener":"Sensio\\Bundle\\FrameworkExtraBundle\\EventListener\\HttpCacheListener::onKernelResponse"} []
[2016-11-17 21:03:26] event.DEBUG: Notified event "{event}" to listener "{listener}". {"event":"kernel.response","listener":"Symfony\\Component\\HttpKernel\\EventListener\\SaveSessionListener::onKernelResponse"} []
[2016-11-17 21:03:26] event.DEBUG: Notified event "{event}" to listener "{listener}". {"event":"kernel.response","listener":"Symfony\\Component\\HttpKernel\\EventListener\\StreamedResponseListener::onKernelResponse"} []
[2016-11-17 21:03:26] event.DEBUG: Notified event "{event}" to listener "{listener}". {"event":"kernel.finish_request","listener":"Symfony\\Component\\HttpKernel\\EventListener\\LocaleListener::onKernelFinishRequest"} []
[2016-11-17 21:03:26] event.DEBUG: Notified event "{event}" to listener "{listener}". {"event":"kernel.finish_request","listener":"Symfony\\Component\\HttpKernel\\EventListener\\TranslatorListener::onKernelFinishRequest"} []
[2016-11-17 21:03:26] event.DEBUG: Notified event "{event}" to listener "{listener}". {"event":"kernel.finish_request","listener":"Symfony\\Component\\HttpKernel\\EventListener\\RouterListener::onKernelFinishRequest"} []
[2016-11-17 21:03:26] event.DEBUG: Notified event "{event}" to listener "{listener}". {"event":"kernel.finish_request","listener":"Symfony\\Component\\Security\\Http\\Firewall::onKernelFinishRequest"} []
[2016-11-17 21:03:26] event.DEBUG: Notified event "{event}" to listener "{listener}". {"event":"kernel.terminate","listener":"Symfony\\Bundle\\SwiftmailerBundle\\EventListener\\EmailSenderListener::onTerminate"} []
[2016-11-17 21:03:30] request.ERROR: Uncaught PHP Exception Symfony\Component\HttpKernel\Exception\NotFoundHttpException: "No route found for "GET /a"" at C:\xampp_1\htdocs\star_craft_online\var\cache\prod\classes.php line 2797 {"exception":"[object] (Symfony\\Component\\HttpKernel\\Exception\\NotFoundHttpException(code: 0): No route found for \"GET /a\" at C:\\xampp_1\\htdocs\\star_craft_online\\var\\cache\\prod\\classes.php:2797, Symfony\\Component\\Routing\\Exception\\ResourceNotFoundException(code: 0):  at C:\\xampp_1\\htdocs\\star_craft_online\\var\\cache\\prod\\appProdProjectContainerUrlMatcher.php:39)"} []
[2016-11-17 21:03:36] request.ERROR: Uncaught PHP Exception Symfony\Component\HttpKernel\Exception\NotFoundHttpException: "No route found for "GET /1"" at C:\xampp_1\htdocs\star_craft_online\var\cache\prod\classes.php line 2797 {"exception":"[object] (Symfony\\Component\\HttpKernel\\Exception\\NotFoundHttpException(code: 0): No route found for \"GET /1\" at C:\\xampp_1\\htdocs\\star_craft_online\\var\\cache\\prod\\classes.php:2797, Symfony\\Component\\Routing\\Exception\\ResourceNotFoundException(code: 0):  at C:\\xampp_1\\htdocs\\star_craft_online\\var\\cache\\prod\\appProdProjectContainerUrlMatcher.php:39)"} []
[2016-11-17 21:03:37] request.ERROR: Uncaught PHP Exception Symfony\Component\HttpKernel\Exception\NotFoundHttpException: "No route found for "GET /1"" at C:\xampp_1\htdocs\star_craft_online\var\cache\prod\classes.php line 2797 {"exception":"[object] (Symfony\\Component\\HttpKernel\\Exception\\NotFoundHttpException(code: 0): No route found for \"GET /1\" at C:\\xampp_1\\htdocs\\star_craft_online\\var\\cache\\prod\\classes.php:2797, Symfony\\Component\\Routing\\Exception\\ResourceNotFoundException(code: 0):  at C:\\xampp_1\\htdocs\\star_craft_online\\var\\cache\\prod\\appProdProjectContainerUrlMatcher.php:39)"} []
